<?xml version="1.0" encoding="UTF-8"?>
<testng-results ignored="0" total="1" passed="1" failed="0" skipped="0">
  <reporter-output>
  </reporter-output>
  <suite started-at="2022-09-28T14:54:53 IST" name="Default suite" finished-at="2022-09-28T14:56:19 IST" duration-ms="85956">
    <groups>
    </groups>
    <test started-at="2022-09-28T14:54:53 IST" name="Default test" finished-at="2022-09-28T14:56:19 IST" duration-ms="85956">
      <class name="swiggyTest.TestCases">
        <test-method is-config="true" signature="SetCapabilities()[pri:0, instance:swiggyTest.TestCases@2c35e847]" started-at="2022-09-28T14:54:53 IST" name="SetCapabilities" finished-at="2022-09-28T14:55:25 IST" duration-ms="32034" status="PASS">
          <reporter-output>
          </reporter-output>
        </test-method> <!-- SetCapabilities -->
        <test-method signature="TestCase1()[pri:1, instance:swiggyTest.TestCases@2c35e847]" started-at="2022-09-28T14:55:25 IST" name="TestCase1" finished-at="2022-09-28T14:56:19 IST" duration-ms="53845" status="PASS">
          <reporter-output>
          </reporter-output>
        </test-method> <!-- TestCase1 -->
        <test-method is-config="true" signature="Close()[pri:0, instance:swiggyTest.TestCases@2c35e847]" started-at="2022-09-28T14:56:19 IST" name="Close" finished-at="2022-09-28T14:56:19 IST" duration-ms="1" status="PASS">
          <reporter-output>
          </reporter-output>
        </test-method> <!-- Close -->
      </class> <!-- swiggyTest.TestCases -->
    </test> <!-- Default test -->
  </suite> <!-- Default suite -->
</testng-results>
